#0 building with "default" instance using docker driver

#1 [internal] load .dockerignore
#1 transferring context: 92B 0.0s done
#1 DONE 0.0s

#2 [internal] load build definition from Dockerfile
#2 transferring dockerfile: 111B 0.0s done
#2 DONE 0.0s

#3 [internal] load metadata for docker.io/library/ubuntu:bionic
#3 DONE 2.3s

#4 [1/2] FROM docker.io/library/ubuntu:bionic@sha256:152dc042452c496007f07ca9127571cb9c29697f42acbfad72324b2bb2e43c98
#4 CACHED

#5 [internal] load build context
#5 transferring context: 12.23kB 1.7s done
#5 DONE 1.7s

#6 [2/2] COPY ./build/ /
#6 DONE 0.2s

#7 exporting to image
#7 exporting layers
#7 exporting layers 0.2s done
#7 writing image sha256:cc11a32ce23fd36928dc156ee104e5e85542db01b187ccc701b13f929759c971 done
#7 naming to docker.io/library/tiktactoe done
#7 DONE 0.2s
